<?xml version="1.0" encoding="UTF-8"?>
<!-- Generated by org.testng.reporters.JUnitReportReporter -->
<testsuite skipped="0" hostname="Farrukh" name="com.class1.DifferentAnnotations" tests="1" failures="0" timestamp="2020-01-11T13:24:20 CST" time="0.024" errors="0">
  <testcase name="test" time="0.024" classname="com.class1.DifferentAnnotations"/>
</testsuite> <!-- com.class1.DifferentAnnotations -->
