<?xml version="1.0" encoding="UTF-8"?>
<!-- Generated by org.testng.reporters.JUnitReportReporter -->
<testsuite skipped="0" hostname="Farrukh" name="com.class4.ListenersDemo" tests="3" failures="0" timestamp="2020-01-16T19:22:17 CST" time="0.055" errors="0">
  <testcase name="test2" time="0.007" classname="com.class4.ListenersDemo"/>
  <testcase name="test1" time="0.042" classname="com.class4.ListenersDemo"/>
  <testcase name="test3" time="0.006" classname="com.class4.ListenersDemo"/>
</testsuite> <!-- com.class4.ListenersDemo -->
