<?xml version="1.0" encoding="UTF-8"?>
<!-- Generated by org.testng.reporters.JUnitReportReporter -->
<testsuite skipped="0" hostname="Farrukh" name="com.class1.TestNGDemo" tests="3" failures="0" timestamp="2020-01-11T13:04:49 CST" time="0.051" errors="0">
  <testcase name="testOne" time="0.006" classname="com.class1.TestNGDemo"/>
  <testcase name="TestThree" time="0.039" classname="com.class1.TestNGDemo"/>
  <testcase name="testTwo" time="0.006" classname="com.class1.TestNGDemo"/>
</testsuite> <!-- com.class1.TestNGDemo -->
