<?xml version="1.0" encoding="UTF-8"?>
<!-- Generated by org.testng.reporters.JUnitReportReporter -->
<testsuite skipped="0" hostname="Farrukh" name="com.class1.Task" tests="3" failures="0" timestamp="2020-01-11T13:19:04 CST" time="0.070" errors="0">
  <testcase name="Anton" time="0.012" classname="com.class1.Task"/>
  <testcase name="Ahmet" time="0.048" classname="com.class1.Task"/>
  <testcase name="Ihsan" time="0.010" classname="com.class1.Task"/>
</testsuite> <!-- com.class1.Task -->
