<?xml version="1.0" encoding="UTF-8"?>
<!-- Generated by org.testng.reporters.JUnitReportReporter -->
<testsuite skipped="0" hostname="Farrukh" name="com.class1.Test2" tests="2" failures="0" timestamp="2020-01-12T12:06:14 CST" time="0.014" errors="0">
  <testcase name="test1" time="0.010" classname="com.class1.Test2"/>
  <testcase name="test2" time="0.004" classname="com.class1.Test2"/>
</testsuite> <!-- com.class1.Test2 -->
